Base path: /Applications/Unity/Unity.app/Contents
Pipe name: \\.\pipe\UnityShaderCompiler-3--1331949568
Cmd: getPlatforms
Cmd: compileSnippet
  api=5 type=0 insize=5046 outsize=4364 kw=DIRECTIONAL SHADOWS_SCREEN LIGHTMAP_OFF DIRLIGHTMAP_OFF ok=1
Cmd: compileSnippet
  api=5 type=0 insize=5046 outsize=5450 kw=DIRECTIONAL SHADOWS_SCREEN LIGHTMAP_OFF DIRLIGHTMAP_OFF VERTEXLIGHT_ON ok=1
Cmd: compileSnippet
  api=5 type=0 insize=5046 outsize=5350 kw=DIRECTIONAL SHADOWS_SCREEN SHADOWS_NATIVE LIGHTMAP_OFF DIRLIGHTMAP_OFF VERTEXLIGHT_ON ok=1
Cmd: compileSnippet
  api=9 type=1 insize=5046 outsize=7 kw=DIRECTIONAL SHADOWS_SCREEN LIGHTMAP_OFF DIRLIGHTMAP_OFF ok=1
Cmd: compileSnippet
  api=9 type=1 insize=19247 outsize=7 kw= ok=1
Cmd: compileSnippet
  api=9 type=0 insize=19258 outsize=5289 kw= ok=1
Cmd: compileSnippet
  api=9 type=1 insize=19237 outsize=7 kw= ok=1
Cmd: compileSnippet
  api=9 type=0 insize=19240 outsize=2109 kw= ok=1
Cmd: compileSnippet
  api=9 type=1 insize=19251 outsize=7 kw= ok=1
Cmd: compileSnippet
  api=9 type=0 insize=19257 outsize=1150 kw= ok=1
Cmd: compileSnippet
  api=9 type=0 insize=19250 outsize=1126 kw= ok=1
Cmd: compileSnippet
  api=9 type=1 insize=19257 outsize=7 kw= ok=1
Cmd: compileSnippet
  api=9 type=1 insize=19245 outsize=7 kw= ok=1
Cmd: compileSnippet
  api=9 type=0 insize=19241 outsize=1294 kw= ok=1
Cmd: compileSnippet
  api=9 type=1 insize=19256 outsize=7 kw= ok=1
Cmd: compileSnippet
  api=9 type=0 insize=19239 outsize=838 kw= ok=1
Cmd: compileSnippet
  api=9 type=1 insize=19247 outsize=7 kw= ok=1
Cmd: compileSnippet
  api=9 type=0 insize=19265 outsize=4394 kw= ok=1
Cmd: compileSnippet
  api=9 type=0 insize=19245 outsize=2109 kw= ok=1
Cmd: compileSnippet
  api=9 type=1 insize=19262 outsize=7 kw= ok=1
Cmd: compileSnippet
  api=9 type=0 insize=4780 outsize=2090 kw=DIRECTIONAL LIGHTMAP_ON DIRLIGHTMAP_OFF ok=1
Cmd: compileSnippet
  api=5 type=0 insize=4780 outsize=2229 kw=DIRECTIONAL LIGHTMAP_ON DIRLIGHTMAP_ON ok=1
Cmd: compileSnippet
  api=9 type=1 insize=4780 outsize=7 kw=DIRECTIONAL LIGHTMAP_OFF DIRLIGHTMAP_OFF ok=1
Cmd: compileSnippet
  api=5 type=1 insize=4780 outsize=6 kw=DIRECTIONAL LIGHTMAP_ON DIRLIGHTMAP_ON ok=1
Cmd: compileSnippet
  api=9 type=0 insize=2465 outsize=1629 kw=DIRECTIONAL ok=1
Cmd: compileSnippet
  api=5 type=0 insize=2465 outsize=2281 kw=SPOT ok=1
Cmd: compileSnippet
  api=5 type=0 insize=2465 outsize=1880 kw=DIRECTIONAL_COOKIE ok=1
Cmd: compileSnippet
  api=9 type=1 insize=2465 outsize=7 kw=DIRECTIONAL ok=1
Cmd: compileSnippet
  api=9 type=1 insize=2465 outsize=7 kw=SPOT ok=1
Cmd: compileSnippet
  api=5 type=1 insize=2465 outsize=6 kw=DIRECTIONAL_COOKIE ok=1
End of pipe

Quitting shader compiler process
