Base path: C:/Program Files (x86)/Unity/Editor/Data
Pipe name: \\.\pipe\UnityShaderCompiler-1-7320
Cmd: getPlatforms
Cmd: preprocess
  insize=9570 outsize=2432 ok=1
Cmd: compileSnippet
  api=1 type=0 insize=6521 outsize=132 kw= ok=1
Cmd: compileSnippet
  api=1 type=1 insize=6521 outsize=457 kw= ok=1
Cmd: compileSnippet
  api=1 type=0 insize=6517 outsize=132 kw= ok=1
Cmd: compileSnippet
  api=1 type=1 insize=6517 outsize=647 kw= ok=1
Cmd: compileSnippet
  api=1 type=0 insize=6517 outsize=132 kw= ok=1
Cmd: compileSnippet
  api=1 type=1 insize=6517 outsize=515 kw= ok=1
Cmd: compileSnippet
  api=1 type=0 insize=6517 outsize=132 kw= ok=1
Cmd: compileSnippet
  api=1 type=1 insize=6517 outsize=515 kw= ok=1
Cmd: compileSnippet
  api=1 type=0 insize=6520 outsize=132 kw= ok=1
Cmd: compileSnippet
  api=1 type=1 insize=6520 outsize=739 kw= ok=1
Cmd: compileSnippet
  api=1 type=0 insize=6520 outsize=132 kw= ok=1
Cmd: compileSnippet
  api=1 type=1 insize=6520 outsize=456 kw= ok=1
Cmd: compileSnippet
  api=1 type=0 insize=6529 outsize=132 kw= ok=1
Cmd: compileSnippet
  api=1 type=1 insize=6529 outsize=269 kw= ok=1
Cmd: compileSnippet
  api=1 type=0 insize=6534 outsize=132 kw= ok=1
Cmd: compileSnippet
  api=1 type=1 insize=6534 outsize=381 kw= ok=1
Cmd: compileSnippet
  api=1 type=0 insize=6527 outsize=132 kw= ok=1
Cmd: compileSnippet
  api=1 type=1 insize=6527 outsize=180 kw= ok=1
Cmd: compileSnippet
  api=1 type=0 insize=6525 outsize=132 kw= ok=1
Cmd: compileSnippet
  api=1 type=1 insize=6525 outsize=445 kw= ok=1
Cmd: compileSnippet
  api=1 type=0 insize=6532 outsize=132 kw= ok=1
Cmd: compileSnippet
  api=1 type=1 insize=6532 outsize=478 kw= ok=1
Cmd: preprocess
  insize=11629 outsize=759 ok=1
Cmd: compileSnippet
  api=1 type=0 insize=10590 outsize=132 kw= ok=1
Cmd: compileSnippet
  api=1 type=1 insize=10590 outsize=460 kw= ok=1
Cmd: compileSnippet
  api=1 type=0 insize=10613 outsize=156 kw= ok=1
Cmd: compileSnippet
  api=1 type=1 insize=10613 outsize=3842 kw= ok=1
Cmd: compileSnippet
  api=1 type=0 insize=10612 outsize=156 kw= ok=1
Cmd: compileSnippet
  api=1 type=1 insize=10612 outsize=3819 kw= ok=1
Cmd: preprocess
  insize=464 outsize=464 ok=1
Cmd: preprocess
  insize=1651 outsize=2267 ok=1
Cmd: preprocess
  insize=1286 outsize=484 ok=1
Cmd: compileSnippet
  api=1 type=0 insize=997 outsize=132 kw= ok=1
Cmd: compileSnippet
  api=1 type=1 insize=997 outsize=136 kw= ok=1
Cmd: compileSnippet
  api=1 type=0 insize=996 outsize=132 kw= ok=1
Cmd: compileSnippet
  api=1 type=1 insize=996 outsize=134 kw= ok=1
Cmd: preprocess
  insize=10070 outsize=963 ok=1
Cmd: compileSnippet
  api=1 type=0 insize=9030 outsize=479 kw= ok=1
Cmd: compileSnippet
  api=1 type=1 insize=9030 outsize=1035 kw= ok=1
Cmd: compileSnippet
  api=1 type=0 insize=9035 outsize=547 kw= ok=1
Cmd: compileSnippet
  api=1 type=1 insize=9035 outsize=1137 kw= ok=1
Cmd: compileSnippet
  api=1 type=0 insize=9055 outsize=318 kw= ok=1
Cmd: compileSnippet
  api=1 type=1 insize=9055 outsize=1218 kw= ok=1
Cmd: compileSnippet
  api=1 type=0 insize=9050 outsize=318 kw= ok=1
Cmd: compileSnippet
  api=1 type=1 insize=9050 outsize=1333 kw= ok=1
Cmd: compileSnippet
  api=1 type=0 insize=9055 outsize=393 kw= ok=1
Cmd: compileSnippet
  api=1 type=1 insize=9055 outsize=367 kw= ok=1
Cmd: preprocess
  insize=1759 outsize=370 ok=1
Cmd: compileSnippet
  api=1 type=0 insize=1635 outsize=269 kw= ok=1
Cmd: compileSnippet
  api=1 type=1 insize=1635 outsize=644 kw= ok=1
Cmd: preprocess
  insize=848 outsize=848 ok=1
Cmd: preprocess
  insize=974 outsize=375 ok=1
Cmd: compileSnippet
  api=1 type=0 insize=869 outsize=132 kw= ok=1
Cmd: compileSnippet
  api=1 type=1 insize=869 outsize=392 kw= ok=1
Cmd: preprocess
  insize=2933 outsize=203 ok=1
Cmd: compileSnippet
  api=1 type=0 insize=2950 outsize=99 kw=LIGHT_ON_SCREEN DIRECTIONAL_SHAFTS ok=1
Cmd: compileSnippet
  api=1 type=1 insize=2950 outsize=1926 kw=LIGHT_ON_SCREEN DIRECTIONAL_SHAFTS ok=1
Cmd: preprocess
  insize=1064 outsize=335 ok=1
Cmd: compileSnippet
  api=1 type=0 insize=995 outsize=132 kw= ok=1
Cmd: compileSnippet
  api=1 type=1 insize=995 outsize=217 kw= ok=1
Cmd: preprocess
  insize=5347 outsize=2167 ok=1
Cmd: compileSnippet
  api=1 type=0 insize=3355 outsize=449 kw=WATER_REFRACTIVE ok=1
Cmd: compileSnippet
  api=1 type=1 insize=3355 outsize=810 kw=WATER_REFRACTIVE ok=1
Cmd: preprocess
  insize=2058 outsize=509 ok=1
Cmd: compileSnippet
  api=1 type=0 insize=1805 outsize=211 kw= ok=1
Cmd: compileSnippet
  api=1 type=1 insize=1805 outsize=576 kw= ok=1
Cmd: preprocess
  insize=1359 outsize=432 ok=1
Cmd: compileSnippet
  api=1 type=0 insize=1184 outsize=335 kw= ok=1
Cmd: compileSnippet
  api=1 type=1 insize=1184 outsize=361 kw= ok=1
Cmd: preprocess
  insize=1144 outsize=1269 ok=1
Cmd: compileSnippet
  api=1 type=0 insize=5424 outsize=926 kw=DIRECTIONAL LIGHTMAP_OFF DIRLIGHTMAP_OFF ok=1
Cmd: compileSnippet
  api=1 type=1 insize=5424 outsize=751 kw=DIRECTIONAL LIGHTMAP_OFF DIRLIGHTMAP_OFF ok=1
Cmd: compileSnippet
  api=1 type=0 insize=2693 outsize=405 kw=POINT ok=1
Cmd: compileSnippet
  api=1 type=1 insize=2693 outsize=766 kw=POINT ok=1
Cmd: preprocess
  insize=3777 outsize=746 ok=1
Cmd: compileSnippet
  api=1 type=0 insize=3139 outsize=132 kw= ok=1
Cmd: compileSnippet
  api=1 type=1 insize=3139 outsize=381 kw= ok=1
Cmd: compileSnippet
  api=1 type=0 insize=3138 outsize=132 kw= ok=1
Cmd: compileSnippet
  api=1 type=1 insize=3138 outsize=332 kw= ok=1
Cmd: compileSnippet
  api=1 type=0 insize=3183 outsize=132 kw= ok=1
Cmd: compileSnippet
  api=1 type=1 insize=3183 outsize=1561 kw= ok=1
Cmd: preprocess
  insize=1533 outsize=1118 ok=1
Cmd: compileSnippet
  api=1 type=0 insize=5046 outsize=784 kw=DIRECTIONAL SHADOWS_OFF LIGHTMAP_OFF DIRLIGHTMAP_OFF ok=1
Cmd: compileSnippet
  api=1 type=1 insize=5046 outsize=526 kw=DIRECTIONAL SHADOWS_OFF LIGHTMAP_OFF DIRLIGHTMAP_OFF ok=1
Cmd: preprocess
  insize=889 outsize=229 ok=1
Cmd: preprocess
  insize=1486 outsize=2211 ok=1
Cmd: preprocess
  insize=7006 outsize=291 ok=1
Cmd: compileSnippet
  api=1 type=0 insize=6815 outsize=253 kw=LIGHT_ON_SCREEN DIRECTIONAL_SHAFTS SHOW_SAMPLES_OFF QUAD_SHAFTS FLIP_WORKAROUND_OFF ok=1
Cmd: compileSnippet
  api=1 type=1 insize=6815 outsize=3006 kw=LIGHT_ON_SCREEN DIRECTIONAL_SHAFTS SHOW_SAMPLES_OFF QUAD_SHAFTS FLIP_WORKAROUND_OFF ok=1
Cmd: preprocess
  insize=1060 outsize=1283 ok=1
Cmd: compileSnippet
  api=1 type=0 insize=4923 outsize=656 kw=DIRECTIONAL SHADOWS_OFF LIGHTMAP_OFF DIRLIGHTMAP_OFF ok=1
Cmd: compileSnippet
  api=1 type=1 insize=4923 outsize=565 kw=DIRECTIONAL SHADOWS_OFF LIGHTMAP_OFF DIRLIGHTMAP_OFF ok=1
Cmd: compileSnippet
  api=1 type=0 insize=2862 outsize=421 kw=POINT ok=1
Cmd: compileSnippet
  api=1 type=1 insize=2862 outsize=692 kw=POINT ok=1
Cmd: compileSnippet
  api=1 type=0 insize=2279 outsize=190 kw= ok=1
Cmd: compileSnippet
  api=1 type=1 insize=2279 outsize=118 kw= ok=1
Cmd: compileSnippet
  api=1 type=0 insize=4561 outsize=649 kw=LIGHTMAP_OFF DIRLIGHTMAP_OFF HDR_LIGHT_PREPASS_OFF ok=1
Cmd: compileSnippet
  api=1 type=1 insize=4561 outsize=543 kw=LIGHTMAP_OFF DIRLIGHTMAP_OFF HDR_LIGHT_PREPASS_OFF ok=1
Cmd: preprocess
  insize=1296 outsize=429 ok=1
Cmd: compileSnippet
  api=1 type=0 insize=1131 outsize=132 kw= ok=1
Cmd: compileSnippet
  api=1 type=1 insize=1131 outsize=664 kw= ok=1
Cmd: preprocess
  insize=6831 outsize=843 ok=1
Cmd: compileSnippet
  api=1 type=0 insize=1797 outsize=204 kw= ok=1
Cmd: compileSnippet
  api=1 type=1 insize=1797 outsize=4188 kw= ok=1
Cmd: compileSnippet
  api=1 type=0 insize=2061 outsize=204 kw= ok=1
Cmd: compileSnippet
  api=1 type=1 insize=2061 outsize=6952 kw= ok=1
Cmd: compileSnippet
  api=1 type=0 insize=2567 outsize=204 kw= ok=1
Cmd: compileSnippet
  api=1 type=1 insize=2567 outsize=12477 kw= ok=1
Cmd: compileSnippet
  api=1 type=0 insize=2840 outsize=169 kw= ok=1
Cmd: compileSnippet
  api=1 type=1 insize=2840 outsize=1336 kw= ok=1
Cmd: compileSnippet
  api=1 type=0 insize=1780 outsize=249 kw= ok=1
Cmd: compileSnippet
  api=1 type=1 insize=1780 outsize=160 kw= ok=1
Cmd: preprocess
  insize=1235 outsize=333 ok=1
Cmd: compileSnippet
  api=1 type=0 insize=1164 outsize=351 kw= ok=1
Cmd: compileSnippet
  api=1 type=1 insize=1164 outsize=254 kw= ok=1
Cmd: preprocess
  insize=13351 outsize=2697 ok=1
Cmd: compileSnippet
  api=1 type=0 insize=10214 outsize=2620 kw=WATER_REFLECTIVE WATER_VERTEX_DISPLACEMENT_ON WATER_EDGEBLEND_ON ok=1
Cmd: compileSnippet
  api=1 type=1 insize=10214 outsize=1826 kw=WATER_REFLECTIVE WATER_VERTEX_DISPLACEMENT_ON WATER_EDGEBLEND_ON ok=1
Cmd: compileSnippet
  api=1 type=0 insize=10218 outsize=2463 kw=WATER_REFLECTIVE WATER_VERTEX_DISPLACEMENT_ON WATER_EDGEBLEND_ON ok=1
Cmd: compileSnippet
  api=1 type=1 insize=10218 outsize=1339 kw=WATER_REFLECTIVE WATER_VERTEX_DISPLACEMENT_ON WATER_EDGEBLEND_ON ok=1
Cmd: compileSnippet
  api=1 type=0 insize=9960 outsize=277 kw= ok=1
Cmd: compileSnippet
  api=1 type=1 insize=9960 outsize=1100 kw= ok=1
Cmd: preprocess
  insize=1101 outsize=904 ok=1
Cmd: compileSnippet
  api=1 type=0 insize=4871 outsize=595 kw=DIRECTIONAL SHADOWS_OFF LIGHTMAP_OFF DIRLIGHTMAP_OFF ok=1
Cmd: compileSnippet
  api=1 type=1 insize=4871 outsize=345 kw=DIRECTIONAL SHADOWS_OFF LIGHTMAP_OFF DIRLIGHTMAP_OFF ok=1
Cmd: compileSnippet
  api=1 type=0 insize=2847 outsize=383 kw=POINT ok=1
Cmd: compileSnippet
  api=1 type=1 insize=2847 outsize=538 kw=POINT ok=1
Cmd: preprocess
  insize=2754 outsize=812 ok=1
Cmd: compileSnippet
  api=1 type=0 insize=1965 outsize=335 kw= ok=1
Cmd: compileSnippet
  api=1 type=1 insize=1965 outsize=206 kw= ok=1
Cmd: compileSnippet
  api=1 type=0 insize=1963 outsize=335 kw= ok=1
Cmd: compileSnippet
  api=1 type=1 insize=1963 outsize=117 kw= ok=1
Cmd: compileSnippet
  api=1 type=0 insize=1976 outsize=329 kw= ok=1
Cmd: compileSnippet
  api=1 type=1 insize=1976 outsize=242 kw= ok=1
Cmd: compileSnippet
  api=1 type=0 insize=1974 outsize=335 kw= ok=1
Cmd: compileSnippet
  api=1 type=1 insize=1974 outsize=101 kw= ok=1
Cmd: preprocess
  insize=1027 outsize=323 ok=1
Cmd: compileSnippet
  api=1 type=0 insize=968 outsize=132 kw= ok=1
Cmd: compileSnippet
  api=1 type=1 insize=968 outsize=249 kw= ok=1
Cmd: preprocess
  insize=1443 outsize=406 ok=1
Cmd: compileSnippet
  api=1 type=0 insize=1295 outsize=297 kw= ok=1
Cmd: compileSnippet
  api=1 type=1 insize=1295 outsize=265 kw= ok=1
Cmd: preprocess
  insize=1502 outsize=370 ok=1
Cmd: compileSnippet
  api=1 type=0 insize=1379 outsize=388 kw= ok=1
Cmd: compileSnippet
  api=1 type=1 insize=1379 outsize=225 kw= ok=1
Cmd: preprocess
  insize=1761 outsize=749 ok=1
Cmd: compileSnippet
  api=1 type=0 insize=1287 outsize=381 kw= ok=1
Cmd: compileSnippet
  api=1 type=1 insize=1287 outsize=242 kw= ok=1
Cmd: preprocess
  insize=495 outsize=495 ok=1
Cmd: preprocess
  insize=2379 outsize=1092 ok=1
Cmd: compileSnippet
  api=1 type=0 insize=1534 outsize=171 kw=SOFTPARTICLES_OFF ok=1
Cmd: compileSnippet
  api=1 type=1 insize=1534 outsize=141 kw=SOFTPARTICLES_OFF ok=1
Cmd: preprocess
  insize=1465 outsize=363 ok=1
Cmd: compileSnippet
  api=1 type=0 insize=1359 outsize=269 kw= ok=1
Cmd: compileSnippet
  api=1 type=1 insize=1359 outsize=297 kw= ok=1
Cmd: preprocess
  insize=1574 outsize=702 ok=1
Cmd: compileSnippet
  api=1 type=0 insize=1135 outsize=272 kw= ok=1
Cmd: compileSnippet
  api=1 type=1 insize=1135 outsize=192 kw= ok=1
Cmd: preprocess
  insize=1338 outsize=347 ok=1
Cmd: compileSnippet
  api=1 type=0 insize=1244 outsize=335 kw= ok=1
Cmd: compileSnippet
  api=1 type=1 insize=1244 outsize=374 kw= ok=1
Cmd: preprocess
  insize=2401 outsize=673 ok=1
Cmd: compileSnippet
  api=1 type=0 insize=1968 outsize=366 kw= ok=1
Cmd: compileSnippet
  api=1 type=1 insize=1968 outsize=1067 kw= ok=1
Cmd: preprocess
  insize=1019 outsize=289 ok=1
Cmd: compileSnippet
  api=1 type=0 insize=994 outsize=137 kw= ok=1
Cmd: compileSnippet
  api=1 type=1 insize=994 outsize=352 kw= ok=1
Cmd: preprocess
  insize=829 outsize=338 ok=1
Cmd: compileSnippet
  api=1 type=0 insize=772 outsize=211 kw= ok=1
Cmd: compileSnippet
  api=1 type=1 insize=772 outsize=281 kw= ok=1
Cmd: preprocess
  insize=6754 outsize=1060 ok=1
Cmd: compileSnippet
  api=1 type=0 insize=5435 outsize=335 kw= ok=1
Cmd: compileSnippet
  api=1 type=1 insize=5435 outsize=111 kw= ok=1
Cmd: compileSnippet
  api=1 type=0 insize=5443 outsize=302 kw= ok=1
Cmd: compileSnippet
  api=1 type=1 insize=5443 outsize=314 kw= ok=1
Cmd: compileSnippet
  api=1 type=0 insize=5447 outsize=244 kw= ok=1
Cmd: compileSnippet
  api=1 type=1 insize=5447 outsize=824 kw= ok=1
Cmd: compileSnippet
  api=1 type=0 insize=5448 outsize=239 kw= ok=1
Cmd: compileSnippet
  api=1 type=1 insize=5448 outsize=824 kw= ok=1
Cmd: compileSnippet
  api=1 type=0 insize=5452 outsize=412 kw= ok=1
Cmd: compileSnippet
  api=1 type=1 insize=5452 outsize=662 kw= ok=1
Cmd: compileSnippet
  api=1 type=0 insize=5454 outsize=412 kw= ok=1
Cmd: compileSnippet
  api=1 type=1 insize=5454 outsize=662 kw= ok=1
Cmd: preprocess
  insize=2340 outsize=1021 ok=1
Cmd: compileSnippet
  api=1 type=0 insize=1561 outsize=171 kw=SOFTPARTICLES_OFF ok=1
Cmd: compileSnippet
  api=1 type=1 insize=1561 outsize=121 kw=SOFTPARTICLES_OFF ok=1
Cmd: preprocess
  insize=33465 outsize=288 ok=1
Cmd: compileSnippet
  api=1 type=0 insize=32665 outsize=156 kw= ok=1
Cmd: compileSnippet
  api=1 type=1 insize=32665 outsize=4416 kw= ok=1
Cmd: preprocess
  insize=1282 outsize=279 ok=1
Cmd: compileSnippet
  api=1 type=0 insize=1258 outsize=179 kw= ok=1
Cmd: compileSnippet
  api=1 type=1 insize=1258 outsize=652 kw= ok=1
Cmd: preprocess
  insize=3754 outsize=743 ok=1
Cmd: compileSnippet
  api=1 type=0 insize=2929 outsize=437 kw= ok=1
Cmd: compileSnippet
  api=1 type=1 insize=2929 outsize=570 kw= ok=1
Cmd: compileSnippet
  api=1 type=0 insize=2920 outsize=437 kw= ok=1
Cmd: compileSnippet
  api=1 type=1 insize=2920 outsize=336 kw= ok=1
Cmd: compileSnippet
  api=1 type=0 insize=2919 outsize=437 kw= ok=1
Cmd: compileSnippet
  api=1 type=1 insize=2919 outsize=391 kw= ok=1
Cmd: compileSnippet
  api=1 type=0 insize=2931 outsize=437 kw= ok=1
Cmd: compileSnippet
  api=1 type=1 insize=2931 outsize=553 kw= ok=1
Cmd: preprocess
  insize=876 outsize=876 ok=1
Cmd: preprocess
  insize=1059 outsize=268 ok=1
Cmd: compileSnippet
  api=1 type=0 insize=1053 outsize=271 kw= ok=1
Cmd: compileSnippet
  api=1 type=1 insize=1053 outsize=248 kw= ok=1
Cmd: preprocess
  insize=5588 outsize=1882 ok=1
Cmd: compileSnippet
  api=1 type=0 insize=3203 outsize=335 kw= ok=1
Cmd: compileSnippet
  api=1 type=1 insize=3203 outsize=208 kw= ok=1
Cmd: compileSnippet
  api=1 type=0 insize=3201 outsize=335 kw= ok=1
Cmd: compileSnippet
  api=1 type=1 insize=3201 outsize=120 kw= ok=1
Cmd: compileSnippet
  api=1 type=0 insize=3217 outsize=344 kw= ok=1
Cmd: compileSnippet
  api=1 type=1 insize=3217 outsize=239 kw= ok=1
Cmd: compileSnippet
  api=1 type=0 insize=3209 outsize=335 kw= ok=1
Cmd: compileSnippet
  api=1 type=1 insize=3209 outsize=101 kw= ok=1
Cmd: compileSnippet
  api=1 type=0 insize=3209 outsize=335 kw= ok=1
Cmd: compileSnippet
  api=1 type=1 insize=3209 outsize=208 kw= ok=1
Cmd: compileSnippet
  api=1 type=0 insize=3206 outsize=335 kw= ok=1
Cmd: compileSnippet
  api=1 type=1 insize=3206 outsize=120 kw= ok=1
Cmd: compileSnippet
  api=1 type=0 insize=3218 outsize=344 kw= ok=1
Cmd: compileSnippet
  api=1 type=1 insize=3218 outsize=242 kw= ok=1
Cmd: compileSnippet
  api=1 type=0 insize=3211 outsize=335 kw= ok=1
Cmd: compileSnippet
  api=1 type=1 insize=3211 outsize=125 kw= ok=1
Cmd: compileSnippet
  api=1 type=0 insize=3204 outsize=335 kw= ok=1
Cmd: compileSnippet
  api=1 type=1 insize=3204 outsize=66 kw= ok=1
Cmd: compileSnippet
  api=1 type=0 insize=3208 outsize=335 kw= ok=1
Cmd: compileSnippet
  api=1 type=1 insize=3208 outsize=79 kw= ok=1
Cmd: compileSnippet
  api=1 type=0 insize=3203 outsize=335 kw= ok=1
Cmd: compileSnippet
  api=1 type=1 insize=3203 outsize=59 kw= ok=1
Cmd: preprocess
  insize=584 outsize=192 ok=1
Cmd: compileSnippet
  api=1 type=0 insize=665 outsize=145 kw= ok=1
Cmd: compileSnippet
  api=1 type=1 insize=665 outsize=71 kw= ok=1
Cmd: preprocess
  insize=678 outsize=208 ok=1
Cmd: compileSnippet
  api=1 type=0 insize=745 outsize=193 kw= ok=1
Cmd: compileSnippet
  api=1 type=1 insize=745 outsize=41 kw= ok=1
Cmd: preprocess
  insize=769 outsize=769 ok=1
Cmd: preprocess
  insize=14380 outsize=2159 ok=1
Cmd: compileSnippet
  api=1 type=0 insize=11194 outsize=156 kw= ok=1
Cmd: compileSnippet
  api=1 type=1 insize=11194 outsize=676 kw= ok=1
Cmd: compileSnippet
  api=1 type=0 insize=11186 outsize=156 kw= ok=1
Cmd: compileSnippet
  api=1 type=1 insize=11186 outsize=142 kw= ok=1
Cmd: compileSnippet
  api=1 type=0 insize=11194 outsize=156 kw= ok=1
Cmd: compileSnippet
  api=1 type=1 insize=11194 outsize=781 kw= ok=1
Cmd: compileSnippet
  api=1 type=0 insize=11200 outsize=156 kw= ok=1
Cmd: compileSnippet
  api=1 type=1 insize=11200 outsize=1716 kw= ok=1
Cmd: compileSnippet
  api=1 type=0 insize=11210 outsize=156 kw= ok=1
Cmd: compileSnippet
  api=1 type=1 insize=11210 outsize=2025 kw= ok=1
Cmd: compileSnippet
  api=1 type=0 insize=11197 outsize=156 kw= ok=1
Cmd: compileSnippet
  api=1 type=1 insize=11197 outsize=896 kw= ok=1
Cmd: compileSnippet
  api=1 type=0 insize=11196 outsize=156 kw= ok=1
Cmd: compileSnippet
  api=1 type=1 insize=11196 outsize=2014 kw= ok=1
Cmd: compileSnippet
  api=1 type=0 insize=11202 outsize=156 kw= ok=1
Cmd: compileSnippet
  api=1 type=1 insize=11202 outsize=12861 kw= ok=1
Cmd: preprocess
  insize=2926 outsize=568 ok=1
Cmd: compileSnippet
  api=1 type=0 insize=2462 outsize=162 kw= ok=1
Cmd: compileSnippet
  api=1 type=1 insize=2462 outsize=1852 kw= ok=1
Cmd: compileSnippet
  api=1 type=0 insize=422 outsize=162 kw= ok=1
Cmd: compileSnippet
  api=1 type=1 insize=422 outsize=49 kw= ok=1
Cmd: preprocess
  insize=1097 outsize=378 ok=1
Cmd: compileSnippet
  api=1 type=0 insize=985 outsize=132 kw= ok=1
Cmd: compileSnippet
  api=1 type=1 insize=985 outsize=301 kw= ok=1
Cmd: preprocess
  insize=12503 outsize=2575 ok=1
Cmd: compileSnippet
  api=1 type=0 insize=9500 outsize=2566 kw=WATER_REFLECTIVE WATER_VERTEX_DISPLACEMENT_ON WATER_EDGEBLEND_ON ok=1
Cmd: compileSnippet
  api=1 type=1 insize=9500 outsize=1421 kw=WATER_REFLECTIVE WATER_VERTEX_DISPLACEMENT_ON WATER_EDGEBLEND_ON ok=1
Cmd: compileSnippet
  api=1 type=0 insize=9504 outsize=2427 kw=WATER_REFLECTIVE WATER_VERTEX_DISPLACEMENT_ON WATER_EDGEBLEND_ON ok=1
Cmd: compileSnippet
  api=1 type=1 insize=9504 outsize=1250 kw=WATER_REFLECTIVE WATER_VERTEX_DISPLACEMENT_ON WATER_EDGEBLEND_ON ok=1
Cmd: compileSnippet
  api=1 type=0 insize=9246 outsize=231 kw= ok=1
Cmd: compileSnippet
  api=1 type=1 insize=9246 outsize=1100 kw= ok=1
Cmd: preprocess
  insize=6532 outsize=797 ok=1
Cmd: preprocess
  insize=4254 outsize=230 ok=1
Cmd: compileSnippet
  api=1 type=0 insize=4197 outsize=162 kw=DIRECTIONAL_SHAFTS COLORED_ON ATTENUATION_CURVE_ON COOKIE_TEX_ON ok=1
Cmd: compileSnippet
  api=1 type=1 insize=4197 outsize=1916 kw=DIRECTIONAL_SHAFTS COLORED_ON ATTENUATION_CURVE_ON COOKIE_TEX_ON ok=1
Cmd: preprocess
  insize=3093 outsize=825 ok=1
Cmd: compileSnippet
  api=1 type=0 insize=2222 outsize=411 kw= ok=1
Cmd: compileSnippet
  api=1 type=1 insize=2222 outsize=117 kw= ok=1
Cmd: compileSnippet
  api=1 type=0 insize=2224 outsize=411 kw= ok=1
Cmd: compileSnippet
  api=1 type=1 insize=2224 outsize=202 kw= ok=1
Cmd: compileSnippet
  api=1 type=0 insize=2226 outsize=411 kw= ok=1
Cmd: compileSnippet
  api=1 type=1 insize=2226 outsize=128 kw= ok=1
Cmd: compileSnippet
  api=1 type=0 insize=2225 outsize=411 kw= ok=1
Cmd: compileSnippet
  api=1 type=1 insize=2225 outsize=489 kw= ok=1
Cmd: compileSnippet
  api=1 type=0 insize=2228 outsize=411 kw= ok=1
Cmd: compileSnippet
  api=1 type=1 insize=2228 outsize=133 kw= ok=1
Cmd: preprocess
  insize=11868 outsize=2702 ok=1
Cmd: compileSnippet
  api=1 type=0 insize=8606 outsize=318 kw= ok=1
Cmd: compileSnippet
  api=1 type=1 insize=8606 outsize=1670 kw= ok=1
Cmd: compileSnippet
  api=1 type=0 insize=8611 outsize=318 kw= ok=1
Cmd: compileSnippet
  api=1 type=1 insize=8611 outsize=2555 kw= ok=1
Cmd: compileSnippet
  api=1 type=0 insize=8610 outsize=318 kw= ok=1
Cmd: compileSnippet
  api=1 type=1 insize=8610 outsize=121 kw= ok=1
Cmd: compileSnippet
  api=1 type=0 insize=8615 outsize=318 kw= ok=1
Cmd: compileSnippet
  api=1 type=1 insize=8615 outsize=549 kw= ok=1
Cmd: compileSnippet
  api=1 type=0 insize=8614 outsize=318 kw= ok=1
Cmd: compileSnippet
  api=1 type=1 insize=8614 outsize=317 kw= ok=1
Cmd: preprocess
  insize=1034 outsize=465 ok=1
Cmd: compileSnippet
  api=1 type=0 insize=841 outsize=211 kw= ok=1
Cmd: compileSnippet
  api=1 type=1 insize=841 outsize=119 kw= ok=1
Cmd: preprocess
  insize=638 outsize=638 ok=1
Cmd: preprocess
  insize=14335 outsize=2775 ok=1
Cmd: compileSnippet
  api=1 type=0 insize=10227 outsize=132 kw= ok=1
Cmd: compileSnippet
  api=1 type=1 insize=10227 outsize=233 kw= ok=1
Cmd: compileSnippet
  api=1 type=0 insize=10227 outsize=132 kw= ok=1
Cmd: compileSnippet
  api=1 type=1 insize=10227 outsize=468 kw= ok=1
Cmd: compileSnippet
  api=1 type=0 insize=10227 outsize=132 kw= ok=1
Cmd: compileSnippet
  api=1 type=1 insize=10227 outsize=484 kw= ok=1
Cmd: compileSnippet
  api=1 type=0 insize=10210 outsize=132 kw= ok=1
Cmd: compileSnippet
  api=1 type=1 insize=10210 outsize=234 kw= ok=1
Cmd: compileSnippet
  api=1 type=0 insize=10229 outsize=132 kw= ok=1
Cmd: compileSnippet
  api=1 type=1 insize=10229 outsize=315 kw= ok=1
Cmd: compileSnippet
  api=1 type=0 insize=10210 outsize=132 kw= ok=1
Cmd: compileSnippet
  api=1 type=1 insize=10210 outsize=326 kw= ok=1
Cmd: compileSnippet
  api=1 type=0 insize=10255 outsize=227 kw= ok=1
Cmd: compileSnippet
  api=1 type=1 insize=10255 outsize=463 kw= ok=1
Cmd: compileSnippet
  api=1 type=0 insize=10209 outsize=132 kw= ok=1
Cmd: compileSnippet
  api=1 type=1 insize=10209 outsize=66 kw= ok=1
Cmd: compileSnippet
  api=1 type=0 insize=10213 outsize=132 kw= ok=1
Cmd: compileSnippet
  api=1 type=1 insize=10213 outsize=59 kw= ok=1
Cmd: compileSnippet
  api=1 type=0 insize=10235 outsize=776 kw= ok=1
Cmd: compileSnippet
  api=1 type=1 insize=10235 outsize=1029 kw= ok=1
Cmd: compileSnippet
  api=1 type=0 insize=10229 outsize=776 kw= ok=1
Cmd: compileSnippet
  api=1 type=1 insize=10229 outsize=1094 kw= ok=1
Cmd: compileSnippet
  api=1 type=0 insize=10235 outsize=776 kw= ok=1
Cmd: compileSnippet
  api=1 type=1 insize=10235 outsize=1029 kw= ok=1
Cmd: preprocess
  insize=2048 outsize=516 ok=1
Cmd: compileSnippet
  api=1 type=0 insize=1736 outsize=132 kw= ok=1
Cmd: compileSnippet
  api=1 type=1 insize=1736 outsize=475 kw= ok=1
Cmd: compileSnippet
  api=1 type=0 insize=1749 outsize=132 kw= ok=1
Cmd: compileSnippet
  api=1 type=1 insize=1749 outsize=523 kw= ok=1
Cmd: preprocess
  insize=1654 outsize=1035 ok=1
Cmd: compileSnippet
  api=1 type=0 insize=867 outsize=316 kw= ok=1
Cmd: compileSnippet
  api=1 type=1 insize=867 outsize=29 kw= ok=1
Cmd: compileSnippet
  api=1 type=0 insize=834 outsize=316 kw= ok=1
Cmd: preprocess
  insize=3110 outsize=1735 ok=1
Cmd: compileSnippet
  api=1 type=0 insize=1617 outsize=378 kw= ok=1
Cmd: compileSnippet
  api=1 type=1 insize=1617 outsize=626 kw= ok=1
Cmd: preprocess
  insize=1764 outsize=320 ok=1
Cmd: compileSnippet
  api=1 type=0 insize=1695 outsize=452 kw= ok=1
Cmd: compileSnippet
  api=1 type=1 insize=1695 outsize=765 kw= ok=1
Cmd: preprocess
  insize=28296 outsize=4971 ok=1
Cmd: compileSnippet
  api=1 type=0 insize=19247 outsize=318 kw= ok=1
Cmd: compileSnippet
  api=1 type=1 insize=19247 outsize=325 kw= ok=1
Cmd: compileSnippet
  api=1 type=0 insize=19254 outsize=595 kw= ok=1
Cmd: compileSnippet
  api=1 type=1 insize=19254 outsize=1097 kw= ok=1
Cmd: compileSnippet
  api=1 type=0 insize=19258 outsize=595 kw= ok=1
Cmd: compileSnippet
  api=1 type=1 insize=19258 outsize=2401 kw= ok=1
Cmd: compileSnippet
  api=1 type=0 insize=19237 outsize=318 kw= ok=1
Cmd: compileSnippet
  api=1 type=1 insize=19237 outsize=66 kw= ok=1
Cmd: compileSnippet
  api=1 type=0 insize=19253 outsize=318 kw= ok=1
Cmd: compileSnippet
  api=1 type=1 insize=19253 outsize=308 kw= ok=1
Cmd: compileSnippet
  api=1 type=0 insize=19240 outsize=318 kw= ok=1
Cmd: compileSnippet
  api=1 type=1 insize=19240 outsize=750 kw= ok=1
Cmd: compileSnippet
  api=1 type=0 insize=19251 outsize=318 kw= ok=1
Cmd: compileSnippet
  api=1 type=1 insize=19251 outsize=700 kw= ok=1
Cmd: compileSnippet
  api=1 type=0 insize=19247 outsize=318 kw= ok=1
Cmd: compileSnippet
  api=1 type=1 insize=19247 outsize=151 kw= ok=1
Cmd: compileSnippet
  api=1 type=0 insize=19257 outsize=318 kw= ok=1
Cmd: compileSnippet
  api=1 type=1 insize=19257 outsize=323 kw= ok=1
Cmd: compileSnippet
  api=1 type=0 insize=19250 outsize=318 kw= ok=1
Cmd: compileSnippet
  api=1 type=1 insize=19250 outsize=242 kw= ok=1
Cmd: compileSnippet
  api=1 type=0 insize=19257 outsize=318 kw= ok=1
Cmd: compileSnippet
  api=1 type=1 insize=19257 outsize=438 kw= ok=1
Cmd: compileSnippet
  api=1 type=0 insize=19245 outsize=318 kw= ok=1
Cmd: compileSnippet
  api=1 type=1 insize=19245 outsize=9343 kw= ok=1
Cmd: compileSnippet
  api=1 type=0 insize=19254 outsize=318 kw= ok=1
Cmd: compileSnippet
  api=1 type=1 insize=19254 outsize=3693 kw= ok=1
Cmd: compileSnippet
  api=1 type=0 insize=19241 outsize=318 kw= ok=1
Cmd: compileSnippet
  api=1 type=1 insize=19241 outsize=353 kw= ok=1
Cmd: compileSnippet
  api=1 type=0 insize=19256 outsize=318 kw= ok=1
Cmd: compileSnippet
  api=1 type=1 insize=19256 outsize=222 kw= ok=1
Cmd: compileSnippet
  api=1 type=0 insize=19246 outsize=318 kw= ok=1
Cmd: compileSnippet
  api=1 type=1 insize=19246 outsize=385 kw= ok=1
Cmd: compileSnippet
  api=1 type=0 insize=19239 outsize=318 kw= ok=1
Cmd: compileSnippet
  api=1 type=1 insize=19239 outsize=110 kw= ok=1
Cmd: compileSnippet
  api=1 type=0 insize=19247 outsize=318 kw= ok=1
Cmd: compileSnippet
  api=1 type=1 insize=19247 outsize=14835 kw= ok=1
Cmd: compileSnippet
  api=1 type=0 insize=19255 outsize=318 kw= ok=1
Cmd: compileSnippet
  api=1 type=1 insize=19255 outsize=7825 kw= ok=1
Cmd: compileSnippet
  api=1 type=0 insize=19265 outsize=595 kw= ok=1
Cmd: compileSnippet
  api=1 type=1 insize=19265 outsize=1442 kw= ok=1
Cmd: compileSnippet
  api=1 type=0 insize=19243 outsize=318 kw= ok=1
Cmd: compileSnippet
  api=1 type=1 insize=19243 outsize=124 kw= ok=1
Cmd: compileSnippet
  api=1 type=0 insize=19245 outsize=413 kw= ok=1
Cmd: compileSnippet
  api=1 type=1 insize=19245 outsize=750 kw= ok=1
Cmd: compileSnippet
  api=1 type=0 insize=19262 outsize=318 kw= ok=1
Cmd: compileSnippet
  api=1 type=1 insize=19262 outsize=66 kw= ok=1
Cmd: preprocess
  insize=1426 outsize=1426 ok=1
Cmd: preprocess
  insize=4266 outsize=584 ok=1
Cmd: compileSnippet
  api=1 type=0 insize=3753 outsize=443 kw= ok=1
Cmd: compileSnippet
  api=1 type=1 insize=3753 outsize=952 kw= ok=1
Cmd: compileSnippet
  api=1 type=0 insize=3766 outsize=443 kw= ok=1
Cmd: compileSnippet
  api=1 type=1 insize=3766 outsize=420 kw= ok=1
Cmd: compileSnippet
  api=1 type=0 insize=3757 outsize=443 kw= ok=1
Cmd: compileSnippet
  api=1 type=1 insize=3757 outsize=684 kw= ok=1
Cmd: preprocess
  insize=2379 outsize=1258 ok=1
Cmd: compileSnippet
  api=1 type=0 insize=1310 outsize=542 kw= ok=1
Cmd: compileSnippet
  api=1 type=1 insize=1310 outsize=339 kw= ok=1
Cmd: compileSnippet
  api=1 type=0 insize=1011 outsize=542 kw= ok=1
Cmd: preprocess
  insize=1823 outsize=317 ok=1
Cmd: compileSnippet
  api=1 type=0 insize=1742 outsize=339 kw= ok=1
Cmd: compileSnippet
  api=1 type=1 insize=1742 outsize=980 kw= ok=1
Cmd: preprocess
  insize=1228 outsize=198 ok=1
Cmd: compileSnippet
  api=1 type=0 insize=1282 outsize=162 kw= ok=1
Cmd: compileSnippet
  api=1 type=1 insize=1282 outsize=823 kw= ok=1
Cmd: preprocess
  insize=1088 outsize=373 ok=1
Cmd: compileSnippet
  api=1 type=0 insize=977 outsize=132 kw= ok=1
Cmd: compileSnippet
  api=1 type=1 insize=977 outsize=285 kw= ok=1
Cmd: preprocess
  insize=1199 outsize=486 ok=1
Cmd: compileSnippet
  api=1 type=0 insize=940 outsize=156 kw= ok=1
Cmd: compileSnippet
  api=1 type=1 insize=940 outsize=146 kw= ok=1
Cmd: compileSnippet
  api=1 type=0 insize=946 outsize=156 kw= ok=1
Cmd: compileSnippet
  api=1 type=1 insize=946 outsize=255 kw= ok=1
Cmd: preprocess
  insize=777 outsize=284 ok=1
Cmd: compileSnippet
  api=1 type=0 insize=771 outsize=211 kw= ok=1
Cmd: compileSnippet
  api=1 type=1 insize=771 outsize=197 kw= ok=1
Cmd: preprocess
  insize=6084 outsize=913 ok=1
Cmd: compileSnippet
  api=1 type=0 insize=4926 outsize=379 kw= ok=1
Cmd: compileSnippet
  api=1 type=1 insize=4926 outsize=672 kw= ok=1
Cmd: compileSnippet
  api=1 type=0 insize=4929 outsize=379 kw= ok=1
Cmd: compileSnippet
  api=1 type=1 insize=4929 outsize=379 kw= ok=1
Cmd: compileSnippet
  api=1 type=0 insize=4933 outsize=379 kw= ok=1
Cmd: compileSnippet
  api=1 type=1 insize=4933 outsize=421 kw= ok=1
Cmd: compileSnippet
  api=1 type=0 insize=4942 outsize=132 kw= ok=1
Cmd: compileSnippet
  api=1 type=1 insize=4942 outsize=181 kw= ok=1
Cmd: compileSnippet
  api=1 type=0 insize=4923 outsize=379 kw= ok=1
Cmd: compileSnippet
  api=1 type=1 insize=4923 outsize=672 kw= ok=1
Cmd: preprocess
  insize=5846 outsize=800 ok=1
Cmd: compileSnippet
  api=1 type=0 insize=4669 outsize=132 kw= ok=1
Cmd: compileSnippet
  api=1 type=1 insize=4669 outsize=194 kw= ok=1
Cmd: compileSnippet
  api=1 type=0 insize=4674 outsize=364 kw= ok=1
Cmd: compileSnippet
  api=1 type=1 insize=4674 outsize=329 kw= ok=1
Cmd: compileSnippet
  api=1 type=0 insize=4684 outsize=363 kw= ok=1
Cmd: compileSnippet
  api=1 type=1 insize=4684 outsize=588 kw= ok=1
Cmd: compileSnippet
  api=1 type=0 insize=4679 outsize=363 kw= ok=1
Cmd: compileSnippet
  api=1 type=1 insize=4679 outsize=464 kw= ok=1
Cmd: compileSnippet
  api=1 type=0 insize=4685 outsize=452 kw= ok=1
Cmd: compileSnippet
  api=1 type=1 insize=4685 outsize=765 kw= ok=1
Cmd: preprocess
  insize=622 outsize=382 ok=1
Cmd: compileSnippet
  api=1 type=0 insize=528 outsize=211 kw= ok=1
Cmd: compileSnippet
  api=1 type=1 insize=528 outsize=220 kw= ok=1
Cmd: preprocess
  insize=7587 outsize=975 ok=1
Cmd: compileSnippet
  api=1 type=0 insize=5672 outsize=318 kw= ok=1
Cmd: compileSnippet
  api=1 type=1 insize=5672 outsize=149 kw= ok=1
Cmd: compileSnippet
  api=1 type=0 insize=5672 outsize=318 kw= ok=1
Cmd: compileSnippet
  api=1 type=1 insize=5672 outsize=174 kw= ok=1
Cmd: compileSnippet
  api=1 type=0 insize=5666 outsize=318 kw= ok=1
Cmd: compileSnippet
  api=1 type=1 insize=5666 outsize=2890 kw= ok=1
Cmd: compileSnippet
  api=1 type=0 insize=5665 outsize=318 kw= ok=1
Cmd: compileSnippet
  api=1 type=1 insize=5665 outsize=2915 kw= ok=1
Cmd: compileSnippet
  api=1 type=0 insize=5668 outsize=318 kw= ok=1
Cmd: compileSnippet
  api=1 type=1 insize=5668 outsize=4331 kw= ok=1
Cmd: compileSnippet
  api=1 type=0 insize=5668 outsize=318 kw= ok=1
Cmd: compileSnippet
  api=1 type=1 insize=5668 outsize=4351 kw= ok=1
Cmd: compileSnippet
  api=1 type=0 insize=5670 outsize=318 kw= ok=1
Cmd: compileSnippet
  api=1 type=1 insize=5670 outsize=158 kw= ok=1
Cmd: preprocess
  insize=1057 outsize=1526 ok=1
Cmd: compileSnippet
  api=1 type=0 insize=5375 outsize=926 kw=DIRECTIONAL SHADOWS_OFF LIGHTMAP_OFF DIRLIGHTMAP_OFF ok=1
Cmd: compileSnippet
  api=1 type=1 insize=5375 outsize=796 kw=DIRECTIONAL SHADOWS_OFF LIGHTMAP_OFF DIRLIGHTMAP_OFF ok=1
Cmd: compileSnippet
  api=1 type=0 insize=2662 outsize=405 kw=POINT ok=1
Cmd: compileSnippet
  api=1 type=1 insize=2662 outsize=768 kw=POINT ok=1
Cmd: compileSnippet
  api=1 type=0 insize=2039 outsize=190 kw= ok=1
Cmd: compileSnippet
  api=1 type=1 insize=2039 outsize=109 kw= ok=1
Cmd: compileSnippet
  api=1 type=0 insize=4749 outsize=899 kw=LIGHTMAP_OFF DIRLIGHTMAP_OFF HDR_LIGHT_PREPASS_OFF ok=1
Cmd: compileSnippet
  api=1 type=1 insize=4749 outsize=453 kw=LIGHTMAP_OFF DIRLIGHTMAP_OFF HDR_LIGHT_PREPASS_OFF ok=1
Cmd: preprocess
  insize=33474 outsize=288 ok=1
Cmd: compileSnippet
  api=1 type=0 insize=32675 outsize=156 kw= ok=1
Cmd: compileSnippet
  api=1 type=1 insize=32675 outsize=4414 kw= ok=1
Cmd: preprocess
  insize=334 outsize=334 ok=1
Cmd: preprocess
  insize=5321 outsize=1789 ok=1
Cmd: compileSnippet
  api=1 type=0 insize=3712 outsize=450 kw= ok=1
Cmd: compileSnippet
  api=1 type=1 insize=3712 outsize=2057 kw= ok=1
Cmd: preprocess
  insize=743 outsize=743 ok=1
Cmd: preprocess
  insize=2379 outsize=1086 ok=1
Cmd: compileSnippet
  api=1 type=0 insize=1537 outsize=171 kw=SOFTPARTICLES_OFF ok=1
Cmd: compileSnippet
  api=1 type=1 insize=1537 outsize=141 kw=SOFTPARTICLES_OFF ok=1
Cmd: preprocess
  insize=6991 outsize=271 ok=1
Cmd: compileSnippet
  api=1 type=0 insize=6848 outsize=310 kw= ok=1
Cmd: compileSnippet
  api=1 type=1 insize=6848 outsize=1855 kw= ok=1
Cmd: preprocess
  insize=4684 outsize=585 ok=1
Cmd: compileSnippet
  api=1 type=0 insize=4181 outsize=458 kw= ok=1
Cmd: compileSnippet
  api=1 type=1 insize=4181 outsize=1043 kw= ok=1
Cmd: compileSnippet
  api=1 type=0 insize=4186 outsize=458 kw= ok=1
Cmd: compileSnippet
  api=1 type=1 insize=4186 outsize=813 kw= ok=1
Cmd: preprocess
  insize=5077 outsize=1066 ok=1
Cmd: compileSnippet
  api=1 type=0 insize=3816 outsize=335 kw= ok=1
Cmd: compileSnippet
  api=1 type=1 insize=3816 outsize=204 kw= ok=1
Cmd: compileSnippet
  api=1 type=0 insize=3824 outsize=170 kw= ok=1
Cmd: compileSnippet
  api=1 type=1 insize=3824 outsize=393 kw= ok=1
Cmd: compileSnippet
  api=1 type=0 insize=3822 outsize=335 kw= ok=1
Cmd: compileSnippet
  api=1 type=1 insize=3822 outsize=485 kw= ok=1
Cmd: compileSnippet
  api=1 type=0 insize=3824 outsize=335 kw= ok=1
Cmd: compileSnippet
  api=1 type=1 insize=3824 outsize=533 kw= ok=1
Cmd: compileSnippet
  api=1 type=0 insize=3814 outsize=335 kw= ok=1
Cmd: compileSnippet
  api=1 type=1 insize=3814 outsize=136 kw= ok=1
Cmd: preprocess
  insize=1574 outsize=702 ok=1
Cmd: preprocess
  insize=6008 outsize=1334 ok=1
Cmd: preprocess
  insize=833 outsize=323 ok=1
Cmd: compileSnippet
  api=1 type=0 insize=776 outsize=132 kw= ok=1
Cmd: compileSnippet
  api=1 type=1 insize=776 outsize=75 kw= ok=1
Cmd: preprocess
  insize=758 outsize=335 ok=1
Cmd: compileSnippet
  api=1 type=0 insize=706 outsize=211 kw= ok=1
Cmd: compileSnippet
  api=1 type=1 insize=706 outsize=215 kw= ok=1
Cmd: preprocess
  insize=664 outsize=664 ok=1
Cmd: preprocess
  insize=1000 outsize=1000 ok=1
Cmd: preprocess
  insize=4076 outsize=685 ok=1
Cmd: compileSnippet
  api=1 type=0 insize=3311 outsize=132 kw= ok=1
Cmd: compileSnippet
  api=1 type=1 insize=3311 outsize=232 kw= ok=1
Cmd: compileSnippet
  api=1 type=0 insize=3319 outsize=364 kw= ok=1
Cmd: compileSnippet
  api=1 type=1 insize=3319 outsize=329 kw= ok=1
Cmd: compileSnippet
  api=1 type=0 insize=3328 outsize=462 kw= ok=1
Cmd: compileSnippet
  api=1 type=1 insize=3328 outsize=467 kw= ok=1
Cmd: compileSnippet
  api=1 type=0 insize=3323 outsize=462 kw= ok=1
Cmd: compileSnippet
  api=1 type=1 insize=3323 outsize=464 kw= ok=1
Cmd: preprocess
  insize=926 outsize=319 ok=1
Cmd: compileSnippet
  api=1 type=0 insize=877 outsize=132 kw= ok=1
Cmd: compileSnippet
  api=1 type=1 insize=877 outsize=212 kw= ok=1
Cmd: preprocess
  insize=1812 outsize=1056 ok=1
Cmd: compileSnippet
  api=1 type=0 insize=1020 outsize=171 kw= ok=1
Cmd: compileSnippet
  api=1 type=1 insize=1020 outsize=141 kw= ok=1
Cmd: preprocess
  insize=1406 outsize=316 ok=1
Cmd: compileSnippet
  api=1 type=0 insize=1347 outsize=379 kw= ok=1
Cmd: compileSnippet
  api=1 type=1 insize=1347 outsize=582 kw= ok=1
Cmd: preprocess
  insize=2266 outsize=1040 ok=1
Cmd: compileSnippet
  api=1 type=0 insize=905 outsize=145 kw= ok=1
Cmd: compileSnippet
  api=1 type=1 insize=905 outsize=77 kw= ok=1
Cmd: compileSnippet
  api=1 type=0 insize=860 outsize=145 kw= ok=1
Cmd: compileSnippet
  api=1 type=1 insize=860 outsize=59 kw= ok=1
Cmd: preprocess
  insize=920 outsize=1125 ok=1
Cmd: compileSnippet
  api=1 type=0 insize=4780 outsize=853 kw=DIRECTIONAL LIGHTMAP_OFF DIRLIGHTMAP_OFF ok=1
Cmd: compileSnippet
  api=1 type=1 insize=4780 outsize=378 kw=DIRECTIONAL LIGHTMAP_OFF DIRLIGHTMAP_OFF ok=1
Cmd: compileSnippet
  api=1 type=0 insize=2465 outsize=383 kw=POINT ok=1
Cmd: compileSnippet
  api=1 type=1 insize=2465 outsize=415 kw=POINT ok=1
Cmd: preprocess
  insize=5540 outsize=817 ok=1
Cmd: preprocess
  insize=1136 outsize=512 ok=1
Cmd: compileSnippet
  api=1 type=0 insize=893 outsize=237 kw= ok=1
Cmd: compileSnippet
  api=1 type=1 insize=893 outsize=136 kw= ok=1
Cmd: preprocess
  insize=1285 outsize=411 ok=1
Cmd: compileSnippet
  api=1 type=0 insize=1129 outsize=170 kw= ok=1
Cmd: compileSnippet
  api=1 type=1 insize=1129 outsize=393 kw= ok=1
Cmd: preprocess
  insize=616 outsize=277 ok=1
Cmd: compileSnippet
  api=1 type=0 insize=617 outsize=100 kw= ok=1
Cmd: compileSnippet
  api=1 type=1 insize=617 outsize=66 kw= ok=1
Cmd: preprocess
  insize=773 outsize=337 ok=1
Cmd: compileSnippet
  api=1 type=0 insize=714 outsize=132 kw= ok=1
Cmd: compileSnippet
  api=1 type=1 insize=714 outsize=76 kw= ok=1
Cmd: preprocess
  insize=5521 outsize=943 ok=1
Cmd: compileSnippet
  api=1 type=0 insize=4430 outsize=302 kw= ok=1
Cmd: compileSnippet
  api=1 type=1 insize=4430 outsize=242 kw= ok=1
Cmd: compileSnippet
  api=1 type=0 insize=4435 outsize=244 kw= ok=1
Cmd: compileSnippet
  api=1 type=1 insize=4435 outsize=824 kw= ok=1
Cmd: compileSnippet
  api=1 type=0 insize=4436 outsize=239 kw= ok=1
Cmd: compileSnippet
  api=1 type=1 insize=4436 outsize=824 kw= ok=1
Cmd: compileSnippet
  api=1 type=0 insize=4440 outsize=412 kw= ok=1
Cmd: compileSnippet
  api=1 type=1 insize=4440 outsize=662 kw= ok=1
Cmd: compileSnippet
  api=1 type=0 insize=4441 outsize=412 kw= ok=1
Cmd: compileSnippet
  api=1 type=1 insize=4441 outsize=662 kw= ok=1
Cmd: preprocess
  insize=1801 outsize=713 ok=1
Cmd: compileSnippet
  api=1 type=0 insize=1346 outsize=445 kw= ok=1
Cmd: compileSnippet
  api=1 type=1 insize=1346 outsize=284 kw= ok=1
Cmd: compileSnippet
  api=1 type=0 insize=2465 outsize=253 kw=DIRECTIONAL ok=1
Cmd: compileSnippet
  api=1 type=1 insize=2465 outsize=280 kw=DIRECTIONAL ok=1
Cmd: compileSnippet
  api=1 type=0 insize=2847 outsize=253 kw=DIRECTIONAL ok=1
Cmd: compileSnippet
  api=1 type=1 insize=2847 outsize=337 kw=DIRECTIONAL ok=1
